# Logfile created on Tue Apr 08 14:18:30 -0500 2008

Processing PlayersController#index (for 127.0.0.1 at 2008-04-08 14:18:40) [GET]
  Session ID: BAh7BiIKZmxhc2hJQzonQWN0aW9uQ29udHJvbGxlcjo6Rmxhc2g6OkZsYXNo%0ASGFzaHsABjoKQHVzZWR7AA%3D%3D--8a76c5e80293ee584eed28ce234466090f596d6a
  Parameters: {"action"=>"index", "controller"=>"players"}
  [4;36;1mSQL (0.000921)[0m   [0;1mSHOW client_min_messages[0m
  [4;35;1mSQL (0.001094)[0m   [0mSET client_min_messages TO 'panic'[0m
  [4;36;1mSQL (0.000678)[0m   [0;1mSHOW standard_conforming_strings[0m
  [4;35;1mSQL (0.000694)[0m   [0mSET client_min_messages TO 'notice'[0m
  [4;36;1mSQL (0.038981)[0m   [0;1mSELECT version()[0m
  [4;35;1mPlayer Load (0.155615)[0m   [0mSELECT * FROM players [0m
Rendering template within layouts/players
Rendering players/index
  [4;36;1mSQL (0.120397)[0m   [0;1m SELECT a.attname, format_type(a.atttypid, a.atttypmod), d.adsrc, a.attnotnull
 FROM pg_attribute a LEFT JOIN pg_attrdef d
 ON a.attrelid = d.adrelid AND a.attnum = d.adnum
 WHERE a.attrelid = 'players'::regclass
 AND a.attnum > 0 AND NOT a.attisdropped
 ORDER BY a.attnum
[0m
Completed in 1.12976 (0 reqs/sec) | Rendering: 0.61331 (54%) | DB: 0.31838 (28%) | 200 OK [http://localhost/players]


Processing ApplicationController#index (for 127.0.0.1 at 2008-04-08 14:18:48) [GET]
  Session ID: BAh7ByIKZmxhc2hJQzonQWN0aW9uQ29udHJvbGxlcjo6Rmxhc2g6OkZsYXNo%0ASGFzaHsABjoKQHVzZWR7ADoMY3NyZl9pZCIlZjkxODU3ZGJiNTY1ZjllODQ5%0AOGY4MDY1MWM0NDZiOTU%3D--f51af6b173574e4fa584c4a725b687bab949c854
  Parameters: {}


ActionController::RoutingError (No route matches "/example" with {:method=>:get}):
    /usr/lib/ruby/gems/1.8/gems/actionpack-2.0.2/lib/action_controller/routing.rb:1441:in `recognize_path'
    /usr/lib/ruby/gems/1.8/gems/actionpack-2.0.2/lib/action_controller/routing.rb:1424:in `recognize'
    /usr/lib/ruby/gems/1.8/gems/actionpack-2.0.2/lib/action_controller/dispatcher.rb:170:in `handle_request'
    /usr/lib/ruby/gems/1.8/gems/actionpack-2.0.2/lib/action_controller/dispatcher.rb:115:in `dispatch'
    /usr/lib/ruby/gems/1.8/gems/actionpack-2.0.2/lib/action_controller/dispatcher.rb:126:in `dispatch_cgi'
    /usr/lib/ruby/gems/1.8/gems/actionpack-2.0.2/lib/action_controller/dispatcher.rb:9:in `dispatch'
    /usr/lib/ruby/gems/1.8/gems/rails-2.0.2/lib/webrick_server.rb:112:in `handle_dispatch'
    /usr/lib/ruby/gems/1.8/gems/rails-2.0.2/lib/webrick_server.rb:78:in `service'
    /usr/lib/ruby/1.8/webrick/httpserver.rb:104:in `service'
    /usr/lib/ruby/1.8/webrick/httpserver.rb:65:in `run'
    /usr/lib/ruby/1.8/webrick/server.rb:173:in `start_thread'
    /usr/lib/ruby/1.8/webrick/server.rb:162:in `start'
    /usr/lib/ruby/1.8/webrick/server.rb:162:in `start_thread'
    /usr/lib/ruby/1.8/webrick/server.rb:95:in `start'
    /usr/lib/ruby/1.8/webrick/server.rb:92:in `each'
    /usr/lib/ruby/1.8/webrick/server.rb:92:in `start'
    /usr/lib/ruby/1.8/webrick/server.rb:23:in `start'
    /usr/lib/ruby/1.8/webrick/server.rb:82:in `start'
    /usr/lib/ruby/gems/1.8/gems/rails-2.0.2/lib/webrick_server.rb:62:in `dispatch'
    /usr/lib/ruby/gems/1.8/gems/rails-2.0.2/lib/commands/servers/webrick.rb:66
    /usr/local/lib/site_ruby/1.8/rubygems/custom_require.rb:27:in `gem_original_require'
    /usr/local/lib/site_ruby/1.8/rubygems/custom_require.rb:27:in `require'
    /usr/lib/ruby/gems/1.8/gems/activesupport-2.0.2/lib/active_support/dependencies.rb:496:in `require'
    /usr/lib/ruby/gems/1.8/gems/activesupport-2.0.2/lib/active_support/dependencies.rb:342:in `new_constants_in'
    /usr/lib/ruby/gems/1.8/gems/activesupport-2.0.2/lib/active_support/dependencies.rb:496:in `require'
    /usr/lib/ruby/gems/1.8/gems/rails-2.0.2/lib/commands/server.rb:39
    /usr/local/lib/site_ruby/1.8/rubygems/custom_require.rb:27:in `gem_original_require'
    /usr/local/lib/site_ruby/1.8/rubygems/custom_require.rb:27:in `require'
    script/server:3

Rendering /usr/lib/ruby/gems/1.8/gems/actionpack-2.0.2/lib/action_controller/templates/rescues/layout.erb (not_found)


Processing ApplicationController#index (for 127.0.0.1 at 2008-04-08 14:18:50) [GET]
  Session ID: BAh7ByIKZmxhc2hJQzonQWN0aW9uQ29udHJvbGxlcjo6Rmxhc2g6OkZsYXNo%0ASGFzaHsABjoKQHVzZWR7ADoMY3NyZl9pZCIlZjkxODU3ZGJiNTY1ZjllODQ5%0AOGY4MDY1MWM0NDZiOTU%3D--f51af6b173574e4fa584c4a725b687bab949c854
  Parameters: {}


ActionController::RoutingError (No route matches "/examples" with {:method=>:get}):
    /usr/lib/ruby/gems/1.8/gems/actionpack-2.0.2/lib/action_controller/routing.rb:1441:in `recognize_path'
    /usr/lib/ruby/gems/1.8/gems/actionpack-2.0.2/lib/action_controller/routing.rb:1424:in `recognize'
    /usr/lib/ruby/gems/1.8/gems/actionpack-2.0.2/lib/action_controller/dispatcher.rb:170:in `handle_request'
    /usr/lib/ruby/gems/1.8/gems/actionpack-2.0.2/lib/action_controller/dispatcher.rb:115:in `dispatch'
    /usr/lib/ruby/gems/1.8/gems/actionpack-2.0.2/lib/action_controller/dispatcher.rb:126:in `dispatch_cgi'
    /usr/lib/ruby/gems/1.8/gems/actionpack-2.0.2/lib/action_controller/dispatcher.rb:9:in `dispatch'
    /usr/lib/ruby/gems/1.8/gems/rails-2.0.2/lib/webrick_server.rb:112:in `handle_dispatch'
    /usr/lib/ruby/gems/1.8/gems/rails-2.0.2/lib/webrick_server.rb:78:in `service'
    /usr/lib/ruby/1.8/webrick/httpserver.rb:104:in `service'
    /usr/lib/ruby/1.8/webrick/httpserver.rb:65:in `run'
    /usr/lib/ruby/1.8/webrick/server.rb:173:in `start_thread'
    /usr/lib/ruby/1.8/webrick/server.rb:162:in `start'
    /usr/lib/ruby/1.8/webrick/server.rb:162:in `start_thread'
    /usr/lib/ruby/1.8/webrick/server.rb:95:in `start'
    /usr/lib/ruby/1.8/webrick/server.rb:92:in `each'
    /usr/lib/ruby/1.8/webrick/server.rb:92:in `start'
    /usr/lib/ruby/1.8/webrick/server.rb:23:in `start'
    /usr/lib/ruby/1.8/webrick/server.rb:82:in `start'
    /usr/lib/ruby/gems/1.8/gems/rails-2.0.2/lib/webrick_server.rb:62:in `dispatch'
    /usr/lib/ruby/gems/1.8/gems/rails-2.0.2/lib/commands/servers/webrick.rb:66
    /usr/local/lib/site_ruby/1.8/rubygems/custom_require.rb:27:in `gem_original_require'
    /usr/local/lib/site_ruby/1.8/rubygems/custom_require.rb:27:in `require'
    /usr/lib/ruby/gems/1.8/gems/activesupport-2.0.2/lib/active_support/dependencies.rb:496:in `require'
    /usr/lib/ruby/gems/1.8/gems/activesupport-2.0.2/lib/active_support/dependencies.rb:342:in `new_constants_in'
    /usr/lib/ruby/gems/1.8/gems/activesupport-2.0.2/lib/active_support/dependencies.rb:496:in `require'
    /usr/lib/ruby/gems/1.8/gems/rails-2.0.2/lib/commands/server.rb:39
    /usr/local/lib/site_ruby/1.8/rubygems/custom_require.rb:27:in `gem_original_require'
    /usr/local/lib/site_ruby/1.8/rubygems/custom_require.rb:27:in `require'
    script/server:3

Rendering /usr/lib/ruby/gems/1.8/gems/actionpack-2.0.2/lib/action_controller/templates/rescues/layout.erb (not_found)


Processing WeborbController#index (for 127.0.0.1 at 2008-04-08 14:19:42) [POST]
  Session ID: BAh7ByIKZmxhc2hJQzonQWN0aW9uQ29udHJvbGxlcjo6Rmxhc2g6OkZsYXNo%0ASGFzaHsABjoKQHVzZWR7ADoMY3NyZl9pZCIlZjkxODU3ZGJiNTY1ZjllODQ5%0AOGY4MDY1MWM0NDZiOTU%3D--f51af6b173574e4fa584c4a725b687bab949c854
  Parameters: {"action"=>"index", "controller"=>"weborb"}


ActionController::InvalidAuthenticityToken (ActionController::InvalidAuthenticityToken):
    /usr/lib/ruby/gems/1.8/gems/actionpack-2.0.2/lib/action_controller/request_forgery_protection.rb:79:in `verify_authenticity_token'
    /usr/lib/ruby/gems/1.8/gems/actionpack-2.0.2/lib/action_controller/filters.rb:469:in `send!'
    /usr/lib/ruby/gems/1.8/gems/actionpack-2.0.2/lib/action_controller/filters.rb:469:in `call'
    /usr/lib/ruby/gems/1.8/gems/actionpack-2.0.2/lib/action_controller/filters.rb:441:in `run'
    /usr/lib/ruby/gems/1.8/gems/actionpack-2.0.2/lib/action_controller/filters.rb:716:in `run_before_filters'
    /usr/lib/ruby/gems/1.8/gems/actionpack-2.0.2/lib/action_controller/filters.rb:695:in `call_filters'
    /usr/lib/ruby/gems/1.8/gems/actionpack-2.0.2/lib/action_controller/filters.rb:689:in `perform_action_without_benchmark'
    /usr/lib/ruby/gems/1.8/gems/actionpack-2.0.2/lib/action_controller/benchmarking.rb:68:in `perform_action_without_rescue'
    /usr/lib/ruby/1.8/benchmark.rb:293:in `measure'
    /usr/lib/ruby/gems/1.8/gems/actionpack-2.0.2/lib/action_controller/benchmarking.rb:68:in `perform_action_without_rescue'
    /usr/lib/ruby/gems/1.8/gems/actionpack-2.0.2/lib/action_controller/rescue.rb:199:in `perform_action_without_caching'
    /usr/lib/ruby/gems/1.8/gems/actionpack-2.0.2/lib/action_controller/caching.rb:678:in `perform_action'
    /usr/lib/ruby/gems/1.8/gems/activerecord-2.0.2/lib/active_record/connection_adapters/abstract/query_cache.rb:33:in `cache'
    /usr/lib/ruby/gems/1.8/gems/activerecord-2.0.2/lib/active_record/query_cache.rb:8:in `cache'
    /usr/lib/ruby/gems/1.8/gems/actionpack-2.0.2/lib/action_controller/caching.rb:677:in `perform_action'
    /usr/lib/ruby/gems/1.8/gems/actionpack-2.0.2/lib/action_controller/base.rb:524:in `send'
    /usr/lib/ruby/gems/1.8/gems/actionpack-2.0.2/lib/action_controller/base.rb:524:in `process_without_filters'
    /usr/lib/ruby/gems/1.8/gems/actionpack-2.0.2/lib/action_controller/filters.rb:685:in `process_without_session_management_support'
    /usr/lib/ruby/gems/1.8/gems/actionpack-2.0.2/lib/action_controller/session_management.rb:123:in `process'
    /usr/lib/ruby/gems/1.8/gems/actionpack-2.0.2/lib/action_controller/base.rb:388:in `process'
    /usr/lib/ruby/gems/1.8/gems/actionpack-2.0.2/lib/action_controller/dispatcher.rb:171:in `handle_request'
    /usr/lib/ruby/gems/1.8/gems/actionpack-2.0.2/lib/action_controller/dispatcher.rb:115:in `dispatch'
    /usr/lib/ruby/gems/1.8/gems/actionpack-2.0.2/lib/action_controller/dispatcher.rb:126:in `dispatch_cgi'
    /usr/lib/ruby/gems/1.8/gems/actionpack-2.0.2/lib/action_controller/dispatcher.rb:9:in `dispatch'
    /usr/lib/ruby/gems/1.8/gems/rails-2.0.2/lib/webrick_server.rb:112:in `handle_dispatch'
    /usr/lib/ruby/gems/1.8/gems/rails-2.0.2/lib/webrick_server.rb:78:in `service'
    /usr/lib/ruby/1.8/webrick/httpserver.rb:104:in `service'
    /usr/lib/ruby/1.8/webrick/httpserver.rb:65:in `run'
    /usr/lib/ruby/1.8/webrick/server.rb:173:in `start_thread'
    /usr/lib/ruby/1.8/webrick/server.rb:162:in `start'
    /usr/lib/ruby/1.8/webrick/server.rb:162:in `start_thread'
    /usr/lib/ruby/1.8/webrick/server.rb:95:in `start'
    /usr/lib/ruby/1.8/webrick/server.rb:92:in `each'
    /usr/lib/ruby/1.8/webrick/server.rb:92:in `start'
    /usr/lib/ruby/1.8/webrick/server.rb:23:in `start'
    /usr/lib/ruby/1.8/webrick/server.rb:82:in `start'
    /usr/lib/ruby/gems/1.8/gems/rails-2.0.2/lib/webrick_server.rb:62:in `dispatch'
    /usr/lib/ruby/gems/1.8/gems/rails-2.0.2/lib/commands/servers/webrick.rb:66
    /usr/local/lib/site_ruby/1.8/rubygems/custom_require.rb:27:in `gem_original_require'
    /usr/local/lib/site_ruby/1.8/rubygems/custom_require.rb:27:in `require'
    /usr/lib/ruby/gems/1.8/gems/activesupport-2.0.2/lib/active_support/dependencies.rb:496:in `require'
    /usr/lib/ruby/gems/1.8/gems/activesupport-2.0.2/lib/active_support/dependencies.rb:342:in `new_constants_in'
    /usr/lib/ruby/gems/1.8/gems/activesupport-2.0.2/lib/active_support/dependencies.rb:496:in `require'
    /usr/lib/ruby/gems/1.8/gems/rails-2.0.2/lib/commands/server.rb:39
    /usr/local/lib/site_ruby/1.8/rubygems/custom_require.rb:27:in `gem_original_require'
    /usr/local/lib/site_ruby/1.8/rubygems/custom_require.rb:27:in `require'
    script/server:3

Rendering /usr/lib/ruby/gems/1.8/gems/actionpack-2.0.2/lib/action_controller/templates/rescues/layout.erb (unprocessable_entity)


Processing ApplicationController#index (for 127.0.0.1 at 2008-04-08 14:19:58) [GET]
  Session ID: BAh7ByIKZmxhc2hJQzonQWN0aW9uQ29udHJvbGxlcjo6Rmxhc2g6OkZsYXNo%0ASGFzaHsABjoKQHVzZWR7ADoMY3NyZl9pZCIlZjkxODU3ZGJiNTY1ZjllODQ5%0AOGY4MDY1MWM0NDZiOTU%3D--f51af6b173574e4fa584c4a725b687bab949c854
  Parameters: {}


ActionController::RoutingError (No route matches "/examples/" with {:method=>:get}):
    /usr/lib/ruby/gems/1.8/gems/actionpack-2.0.2/lib/action_controller/routing.rb:1441:in `recognize_path'
    /usr/lib/ruby/gems/1.8/gems/actionpack-2.0.2/lib/action_controller/routing.rb:1424:in `recognize'
    /usr/lib/ruby/gems/1.8/gems/actionpack-2.0.2/lib/action_controller/dispatcher.rb:170:in `handle_request'
    /usr/lib/ruby/gems/1.8/gems/actionpack-2.0.2/lib/action_controller/dispatcher.rb:115:in `dispatch'
    /usr/lib/ruby/gems/1.8/gems/actionpack-2.0.2/lib/action_controller/dispatcher.rb:126:in `dispatch_cgi'
    /usr/lib/ruby/gems/1.8/gems/actionpack-2.0.2/lib/action_controller/dispatcher.rb:9:in `dispatch'
    /usr/lib/ruby/gems/1.8/gems/rails-2.0.2/lib/webrick_server.rb:112:in `handle_dispatch'
    /usr/lib/ruby/gems/1.8/gems/rails-2.0.2/lib/webrick_server.rb:78:in `service'
    /usr/lib/ruby/1.8/webrick/httpserver.rb:104:in `service'
    /usr/lib/ruby/1.8/webrick/httpserver.rb:65:in `run'
    /usr/lib/ruby/1.8/webrick/server.rb:173:in `start_thread'
    /usr/lib/ruby/1.8/webrick/server.rb:162:in `start'
    /usr/lib/ruby/1.8/webrick/server.rb:162:in `start_thread'
    /usr/lib/ruby/1.8/webrick/server.rb:95:in `start'
    /usr/lib/ruby/1.8/webrick/server.rb:92:in `each'
    /usr/lib/ruby/1.8/webrick/server.rb:92:in `start'
    /usr/lib/ruby/1.8/webrick/server.rb:23:in `start'
    /usr/lib/ruby/1.8/webrick/server.rb:82:in `start'
    /usr/lib/ruby/gems/1.8/gems/rails-2.0.2/lib/webrick_server.rb:62:in `dispatch'
    /usr/lib/ruby/gems/1.8/gems/rails-2.0.2/lib/commands/servers/webrick.rb:66
    /usr/local/lib/site_ruby/1.8/rubygems/custom_require.rb:27:in `gem_original_require'
    /usr/local/lib/site_ruby/1.8/rubygems/custom_require.rb:27:in `require'
    /usr/lib/ruby/gems/1.8/gems/activesupport-2.0.2/lib/active_support/dependencies.rb:496:in `require'
    /usr/lib/ruby/gems/1.8/gems/activesupport-2.0.2/lib/active_support/dependencies.rb:342:in `new_constants_in'
    /usr/lib/ruby/gems/1.8/gems/activesupport-2.0.2/lib/active_support/dependencies.rb:496:in `require'
    /usr/lib/ruby/gems/1.8/gems/rails-2.0.2/lib/commands/server.rb:39
    /usr/local/lib/site_ruby/1.8/rubygems/custom_require.rb:27:in `gem_original_require'
    /usr/local/lib/site_ruby/1.8/rubygems/custom_require.rb:27:in `require'
    script/server:3

Rendering /usr/lib/ruby/gems/1.8/gems/actionpack-2.0.2/lib/action_controller/templates/rescues/layout.erb (not_found)


Processing WeborbController#index (for 127.0.0.1 at 2008-04-08 14:20:12) [POST]
  Session ID: BAh7ByIKZmxhc2hJQzonQWN0aW9uQ29udHJvbGxlcjo6Rmxhc2g6OkZsYXNo%0ASGFzaHsABjoKQHVzZWR7ADoMY3NyZl9pZCIlZjkxODU3ZGJiNTY1ZjllODQ5%0AOGY4MDY1MWM0NDZiOTU%3D--f51af6b173574e4fa584c4a725b687bab949c854
  Parameters: {"action"=>"index", "controller"=>"weborb"}


ActionController::InvalidAuthenticityToken (ActionController::InvalidAuthenticityToken):
    /usr/lib/ruby/gems/1.8/gems/actionpack-2.0.2/lib/action_controller/request_forgery_protection.rb:79:in `verify_authenticity_token'
    /usr/lib/ruby/gems/1.8/gems/actionpack-2.0.2/lib/action_controller/filters.rb:469:in `send!'
    /usr/lib/ruby/gems/1.8/gems/actionpack-2.0.2/lib/action_controller/filters.rb:469:in `call'
    /usr/lib/ruby/gems/1.8/gems/actionpack-2.0.2/lib/action_controller/filters.rb:441:in `run'
    /usr/lib/ruby/gems/1.8/gems/actionpack-2.0.2/lib/action_controller/filters.rb:716:in `run_before_filters'
    /usr/lib/ruby/gems/1.8/gems/actionpack-2.0.2/lib/action_controller/filters.rb:695:in `call_filters'
    /usr/lib/ruby/gems/1.8/gems/actionpack-2.0.2/lib/action_controller/filters.rb:689:in `perform_action_without_benchmark'
    /usr/lib/ruby/gems/1.8/gems/actionpack-2.0.2/lib/action_controller/benchmarking.rb:68:in `perform_action_without_rescue'
    /usr/lib/ruby/1.8/benchmark.rb:293:in `measure'
    /usr/lib/ruby/gems/1.8/gems/actionpack-2.0.2/lib/action_controller/benchmarking.rb:68:in `perform_action_without_rescue'
    /usr/lib/ruby/gems/1.8/gems/actionpack-2.0.2/lib/action_controller/rescue.rb:199:in `perform_action_without_caching'
    /usr/lib/ruby/gems/1.8/gems/actionpack-2.0.2/lib/action_controller/caching.rb:678:in `perform_action'
    /usr/lib/ruby/gems/1.8/gems/activerecord-2.0.2/lib/active_record/connection_adapters/abstract/query_cache.rb:33:in `cache'
    /usr/lib/ruby/gems/1.8/gems/activerecord-2.0.2/lib/active_record/query_cache.rb:8:in `cache'
    /usr/lib/ruby/gems/1.8/gems/actionpack-2.0.2/lib/action_controller/caching.rb:677:in `perform_action'
    /usr/lib/ruby/gems/1.8/gems/actionpack-2.0.2/lib/action_controller/base.rb:524:in `send'
    /usr/lib/ruby/gems/1.8/gems/actionpack-2.0.2/lib/action_controller/base.rb:524:in `process_without_filters'
    /usr/lib/ruby/gems/1.8/gems/actionpack-2.0.2/lib/action_controller/filters.rb:685:in `process_without_session_management_support'
    /usr/lib/ruby/gems/1.8/gems/actionpack-2.0.2/lib/action_controller/session_management.rb:123:in `process'
    /usr/lib/ruby/gems/1.8/gems/actionpack-2.0.2/lib/action_controller/base.rb:388:in `process'
    /usr/lib/ruby/gems/1.8/gems/actionpack-2.0.2/lib/action_controller/dispatcher.rb:171:in `handle_request'
    /usr/lib/ruby/gems/1.8/gems/actionpack-2.0.2/lib/action_controller/dispatcher.rb:115:in `dispatch'
    /usr/lib/ruby/gems/1.8/gems/actionpack-2.0.2/lib/action_controller/dispatcher.rb:126:in `dispatch_cgi'
    /usr/lib/ruby/gems/1.8/gems/actionpack-2.0.2/lib/action_controller/dispatcher.rb:9:in `dispatch'
    /usr/lib/ruby/gems/1.8/gems/rails-2.0.2/lib/webrick_server.rb:112:in `handle_dispatch'
    /usr/lib/ruby/gems/1.8/gems/rails-2.0.2/lib/webrick_server.rb:78:in `service'
    /usr/lib/ruby/1.8/webrick/httpserver.rb:104:in `service'
    /usr/lib/ruby/1.8/webrick/httpserver.rb:65:in `run'
    /usr/lib/ruby/1.8/webrick/server.rb:173:in `start_thread'
    /usr/lib/ruby/1.8/webrick/server.rb:162:in `start'
    /usr/lib/ruby/1.8/webrick/server.rb:162:in `start_thread'
    /usr/lib/ruby/1.8/webrick/server.rb:95:in `start'
    /usr/lib/ruby/1.8/webrick/server.rb:92:in `each'
    /usr/lib/ruby/1.8/webrick/server.rb:92:in `start'
    /usr/lib/ruby/1.8/webrick/server.rb:23:in `start'
    /usr/lib/ruby/1.8/webrick/server.rb:82:in `start'
    /usr/lib/ruby/gems/1.8/gems/rails-2.0.2/lib/webrick_server.rb:62:in `dispatch'
    /usr/lib/ruby/gems/1.8/gems/rails-2.0.2/lib/commands/servers/webrick.rb:66
    /usr/local/lib/site_ruby/1.8/rubygems/custom_require.rb:27:in `gem_original_require'
    /usr/local/lib/site_ruby/1.8/rubygems/custom_require.rb:27:in `require'
    /usr/lib/ruby/gems/1.8/gems/activesupport-2.0.2/lib/active_support/dependencies.rb:496:in `require'
    /usr/lib/ruby/gems/1.8/gems/activesupport-2.0.2/lib/active_support/dependencies.rb:342:in `new_constants_in'
    /usr/lib/ruby/gems/1.8/gems/activesupport-2.0.2/lib/active_support/dependencies.rb:496:in `require'
    /usr/lib/ruby/gems/1.8/gems/rails-2.0.2/lib/commands/server.rb:39
    /usr/local/lib/site_ruby/1.8/rubygems/custom_require.rb:27:in `gem_original_require'
    /usr/local/lib/site_ruby/1.8/rubygems/custom_require.rb:27:in `require'
    script/server:3

Rendering /usr/lib/ruby/gems/1.8/gems/actionpack-2.0.2/lib/action_controller/templates/rescues/layout.erb (unprocessable_entity)


Processing ApplicationController#index (for 127.0.0.1 at 2008-04-08 14:20:23) [GET]
  Session ID: BAh7ByIKZmxhc2hJQzonQWN0aW9uQ29udHJvbGxlcjo6Rmxhc2g6OkZsYXNo%0ASGFzaHsABjoKQHVzZWR7ADoMY3NyZl9pZCIlZjkxODU3ZGJiNTY1ZjllODQ5%0AOGY4MDY1MWM0NDZiOTU%3D--f51af6b173574e4fa584c4a725b687bab949c854
  Parameters: {}


ActionController::RoutingError (No route matches "/examples/" with {:method=>:get}):
    /usr/lib/ruby/gems/1.8/gems/actionpack-2.0.2/lib/action_controller/routing.rb:1441:in `recognize_path'
    /usr/lib/ruby/gems/1.8/gems/actionpack-2.0.2/lib/action_controller/routing.rb:1424:in `recognize'
    /usr/lib/ruby/gems/1.8/gems/actionpack-2.0.2/lib/action_controller/dispatcher.rb:170:in `handle_request'
    /usr/lib/ruby/gems/1.8/gems/actionpack-2.0.2/lib/action_controller/dispatcher.rb:115:in `dispatch'
    /usr/lib/ruby/gems/1.8/gems/actionpack-2.0.2/lib/action_controller/dispatcher.rb:126:in `dispatch_cgi'
    /usr/lib/ruby/gems/1.8/gems/actionpack-2.0.2/lib/action_controller/dispatcher.rb:9:in `dispatch'
    /usr/lib/ruby/gems/1.8/gems/rails-2.0.2/lib/webrick_server.rb:112:in `handle_dispatch'
    /usr/lib/ruby/gems/1.8/gems/rails-2.0.2/lib/webrick_server.rb:78:in `service'
    /usr/lib/ruby/1.8/webrick/httpserver.rb:104:in `service'
    /usr/lib/ruby/1.8/webrick/httpserver.rb:65:in `run'
    /usr/lib/ruby/1.8/webrick/server.rb:173:in `start_thread'
    /usr/lib/ruby/1.8/webrick/server.rb:162:in `start'
    /usr/lib/ruby/1.8/webrick/server.rb:162:in `start_thread'
    /usr/lib/ruby/1.8/webrick/server.rb:95:in `start'
    /usr/lib/ruby/1.8/webrick/server.rb:92:in `each'
    /usr/lib/ruby/1.8/webrick/server.rb:92:in `start'
    /usr/lib/ruby/1.8/webrick/server.rb:23:in `start'
    /usr/lib/ruby/1.8/webrick/server.rb:82:in `start'
    /usr/lib/ruby/gems/1.8/gems/rails-2.0.2/lib/webrick_server.rb:62:in `dispatch'
    /usr/lib/ruby/gems/1.8/gems/rails-2.0.2/lib/commands/servers/webrick.rb:66
    /usr/local/lib/site_ruby/1.8/rubygems/custom_require.rb:27:in `gem_original_require'
    /usr/local/lib/site_ruby/1.8/rubygems/custom_require.rb:27:in `require'
    /usr/lib/ruby/gems/1.8/gems/activesupport-2.0.2/lib/active_support/dependencies.rb:496:in `require'
    /usr/lib/ruby/gems/1.8/gems/activesupport-2.0.2/lib/active_support/dependencies.rb:342:in `new_constants_in'
    /usr/lib/ruby/gems/1.8/gems/activesupport-2.0.2/lib/active_support/dependencies.rb:496:in `require'
    /usr/lib/ruby/gems/1.8/gems/rails-2.0.2/lib/commands/server.rb:39
    /usr/local/lib/site_ruby/1.8/rubygems/custom_require.rb:27:in `gem_original_require'
    /usr/local/lib/site_ruby/1.8/rubygems/custom_require.rb:27:in `require'
    script/server:3

Rendering /usr/lib/ruby/gems/1.8/gems/actionpack-2.0.2/lib/action_controller/templates/rescues/layout.erb (not_found)


Processing WeborbController#index (for 127.0.0.1 at 2008-04-08 14:21:03) [GET]
  Session ID: BAh7ByIKZmxhc2hJQzonQWN0aW9uQ29udHJvbGxlcjo6Rmxhc2g6OkZsYXNo%0ASGFzaHsABjoKQHVzZWR7ADoMY3NyZl9pZCIlZjkxODU3ZGJiNTY1ZjllODQ5%0AOGY4MDY1MWM0NDZiOTU%3D--f51af6b173574e4fa584c4a725b687bab949c854
  Parameters: {"action"=>"index", "controller"=>"weborb"}


NoMethodError (You have a nil object when you didn't expect it!
You might have expected an instance of Array.
The error occurred while evaluating nil.<<):
    /vendor/plugins/weborb/lib/weborb/io/binary_reader.rb:32:in `read_unsigned_short'
    /vendor/plugins/weborb/lib/weborb/formats/amf_request_parser.rb:85:in `read_message'
    /app/controllers/weborb_controller.rb:42:in `index'
    /usr/lib/ruby/gems/1.8/gems/actionpack-2.0.2/lib/action_controller/base.rb:1158:in `send'
    /usr/lib/ruby/gems/1.8/gems/actionpack-2.0.2/lib/action_controller/base.rb:1158:in `perform_action_without_filters'
    /usr/lib/ruby/gems/1.8/gems/actionpack-2.0.2/lib/action_controller/filters.rb:697:in `call_filters'
    /usr/lib/ruby/gems/1.8/gems/actionpack-2.0.2/lib/action_controller/filters.rb:689:in `perform_action_without_benchmark'
    /usr/lib/ruby/gems/1.8/gems/actionpack-2.0.2/lib/action_controller/benchmarking.rb:68:in `perform_action_without_rescue'
    /usr/lib/ruby/1.8/benchmark.rb:293:in `measure'
    /usr/lib/ruby/gems/1.8/gems/actionpack-2.0.2/lib/action_controller/benchmarking.rb:68:in `perform_action_without_rescue'
    /usr/lib/ruby/gems/1.8/gems/actionpack-2.0.2/lib/action_controller/rescue.rb:199:in `perform_action_without_caching'
    /usr/lib/ruby/gems/1.8/gems/actionpack-2.0.2/lib/action_controller/caching.rb:678:in `perform_action'
    /usr/lib/ruby/gems/1.8/gems/activerecord-2.0.2/lib/active_record/connection_adapters/abstract/query_cache.rb:33:in `cache'
    /usr/lib/ruby/gems/1.8/gems/activerecord-2.0.2/lib/active_record/query_cache.rb:8:in `cache'
    /usr/lib/ruby/gems/1.8/gems/actionpack-2.0.2/lib/action_controller/caching.rb:677:in `perform_action'
    /usr/lib/ruby/gems/1.8/gems/actionpack-2.0.2/lib/action_controller/base.rb:524:in `send'
    /usr/lib/ruby/gems/1.8/gems/actionpack-2.0.2/lib/action_controller/base.rb:524:in `process_without_filters'
    /usr/lib/ruby/gems/1.8/gems/actionpack-2.0.2/lib/action_controller/filters.rb:685:in `process_without_session_management_support'
    /usr/lib/ruby/gems/1.8/gems/actionpack-2.0.2/lib/action_controller/session_management.rb:123:in `process'
    /usr/lib/ruby/gems/1.8/gems/actionpack-2.0.2/lib/action_controller/base.rb:388:in `process'
    /usr/lib/ruby/gems/1.8/gems/actionpack-2.0.2/lib/action_controller/dispatcher.rb:171:in `handle_request'
    /usr/lib/ruby/gems/1.8/gems/actionpack-2.0.2/lib/action_controller/dispatcher.rb:115:in `dispatch'
    /usr/lib/ruby/gems/1.8/gems/actionpack-2.0.2/lib/action_controller/dispatcher.rb:126:in `dispatch_cgi'
    /usr/lib/ruby/gems/1.8/gems/actionpack-2.0.2/lib/action_controller/dispatcher.rb:9:in `dispatch'
    /usr/lib/ruby/gems/1.8/gems/rails-2.0.2/lib/webrick_server.rb:112:in `handle_dispatch'
    /usr/lib/ruby/gems/1.8/gems/rails-2.0.2/lib/webrick_server.rb:78:in `service'
    /usr/lib/ruby/1.8/webrick/httpserver.rb:104:in `service'
    /usr/lib/ruby/1.8/webrick/httpserver.rb:65:in `run'
    /usr/lib/ruby/1.8/webrick/server.rb:173:in `start_thread'
    /usr/lib/ruby/1.8/webrick/server.rb:162:in `start'
    /usr/lib/ruby/1.8/webrick/server.rb:162:in `start_thread'
    /usr/lib/ruby/1.8/webrick/server.rb:95:in `start'
    /usr/lib/ruby/1.8/webrick/server.rb:92:in `each'
    /usr/lib/ruby/1.8/webrick/server.rb:92:in `start'
    /usr/lib/ruby/1.8/webrick/server.rb:23:in `start'
    /usr/lib/ruby/1.8/webrick/server.rb:82:in `start'
    /usr/lib/ruby/gems/1.8/gems/rails-2.0.2/lib/webrick_server.rb:62:in `dispatch'
    /usr/lib/ruby/gems/1.8/gems/rails-2.0.2/lib/commands/servers/webrick.rb:66
    /usr/local/lib/site_ruby/1.8/rubygems/custom_require.rb:27:in `gem_original_require'
    /usr/local/lib/site_ruby/1.8/rubygems/custom_require.rb:27:in `require'
    /usr/lib/ruby/gems/1.8/gems/activesupport-2.0.2/lib/active_support/dependencies.rb:496:in `require'
    /usr/lib/ruby/gems/1.8/gems/activesupport-2.0.2/lib/active_support/dependencies.rb:342:in `new_constants_in'
    /usr/lib/ruby/gems/1.8/gems/activesupport-2.0.2/lib/active_support/dependencies.rb:496:in `require'
    /usr/lib/ruby/gems/1.8/gems/rails-2.0.2/lib/commands/server.rb:39
    /usr/local/lib/site_ruby/1.8/rubygems/custom_require.rb:27:in `gem_original_require'
    /usr/local/lib/site_ruby/1.8/rubygems/custom_require.rb:27:in `require'
    script/server:3

Rendering /usr/lib/ruby/gems/1.8/gems/actionpack-2.0.2/lib/action_controller/templates/rescues/layout.erb (internal_server_error)


Processing ApplicationController#index (for 127.0.0.1 at 2008-04-08 14:45:34) [GET]
  Session ID: BAh7ByIKZmxhc2hJQzonQWN0aW9uQ29udHJvbGxlcjo6Rmxhc2g6OkZsYXNo%0ASGFzaHsABjoKQHVzZWR7ADoMY3NyZl9pZCIlZjkxODU3ZGJiNTY1ZjllODQ5%0AOGY4MDY1MWM0NDZiOTU%3D--f51af6b173574e4fa584c4a725b687bab949c854
  Parameters: {}


ActionController::RoutingError (No route matches "/examples/login%7D" with {:method=>:get}):
    /usr/lib/ruby/gems/1.8/gems/actionpack-2.0.2/lib/action_controller/routing.rb:1441:in `recognize_path'
    /usr/lib/ruby/gems/1.8/gems/actionpack-2.0.2/lib/action_controller/routing.rb:1424:in `recognize'
    /usr/lib/ruby/gems/1.8/gems/actionpack-2.0.2/lib/action_controller/dispatcher.rb:170:in `handle_request'
    /usr/lib/ruby/gems/1.8/gems/actionpack-2.0.2/lib/action_controller/dispatcher.rb:115:in `dispatch'
    /usr/lib/ruby/gems/1.8/gems/actionpack-2.0.2/lib/action_controller/dispatcher.rb:126:in `dispatch_cgi'
    /usr/lib/ruby/gems/1.8/gems/actionpack-2.0.2/lib/action_controller/dispatcher.rb:9:in `dispatch'
    /usr/lib/ruby/gems/1.8/gems/rails-2.0.2/lib/webrick_server.rb:112:in `handle_dispatch'
    /usr/lib/ruby/gems/1.8/gems/rails-2.0.2/lib/webrick_server.rb:78:in `service'
    /usr/lib/ruby/1.8/webrick/httpserver.rb:104:in `service'
    /usr/lib/ruby/1.8/webrick/httpserver.rb:65:in `run'
    /usr/lib/ruby/1.8/webrick/server.rb:173:in `start_thread'
    /usr/lib/ruby/1.8/webrick/server.rb:162:in `start'
    /usr/lib/ruby/1.8/webrick/server.rb:162:in `start_thread'
    /usr/lib/ruby/1.8/webrick/server.rb:95:in `start'
    /usr/lib/ruby/1.8/webrick/server.rb:92:in `each'
    /usr/lib/ruby/1.8/webrick/server.rb:92:in `start'
    /usr/lib/ruby/1.8/webrick/server.rb:23:in `start'
    /usr/lib/ruby/1.8/webrick/server.rb:82:in `start'
    /usr/lib/ruby/gems/1.8/gems/rails-2.0.2/lib/webrick_server.rb:62:in `dispatch'
    /usr/lib/ruby/gems/1.8/gems/rails-2.0.2/lib/commands/servers/webrick.rb:66
    /usr/local/lib/site_ruby/1.8/rubygems/custom_require.rb:27:in `gem_original_require'
    /usr/local/lib/site_ruby/1.8/rubygems/custom_require.rb:27:in `require'
    /usr/lib/ruby/gems/1.8/gems/activesupport-2.0.2/lib/active_support/dependencies.rb:496:in `require'
    /usr/lib/ruby/gems/1.8/gems/activesupport-2.0.2/lib/active_support/dependencies.rb:342:in `new_constants_in'
    /usr/lib/ruby/gems/1.8/gems/activesupport-2.0.2/lib/active_support/dependencies.rb:496:in `require'
    /usr/lib/ruby/gems/1.8/gems/rails-2.0.2/lib/commands/server.rb:39
    /usr/local/lib/site_ruby/1.8/rubygems/custom_require.rb:27:in `gem_original_require'
    /usr/local/lib/site_ruby/1.8/rubygems/custom_require.rb:27:in `require'
    script/server:3

Rendering /usr/lib/ruby/gems/1.8/gems/actionpack-2.0.2/lib/action_controller/templates/rescues/layout.erb (not_found)


Processing ApplicationController#index (for 127.0.0.1 at 2008-04-08 14:45:37) [GET]
  Session ID: BAh7ByIKZmxhc2hJQzonQWN0aW9uQ29udHJvbGxlcjo6Rmxhc2g6OkZsYXNo%0ASGFzaHsABjoKQHVzZWR7ADoMY3NyZl9pZCIlZjkxODU3ZGJiNTY1ZjllODQ5%0AOGY4MDY1MWM0NDZiOTU%3D--f51af6b173574e4fa584c4a725b687bab949c854
  Parameters: {}


ActionController::RoutingError (No route matches "/examples/login" with {:method=>:get}):
    /usr/lib/ruby/gems/1.8/gems/actionpack-2.0.2/lib/action_controller/routing.rb:1441:in `recognize_path'
    /usr/lib/ruby/gems/1.8/gems/actionpack-2.0.2/lib/action_controller/routing.rb:1424:in `recognize'
    /usr/lib/ruby/gems/1.8/gems/actionpack-2.0.2/lib/action_controller/dispatcher.rb:170:in `handle_request'
    /usr/lib/ruby/gems/1.8/gems/actionpack-2.0.2/lib/action_controller/dispatcher.rb:115:in `dispatch'
    /usr/lib/ruby/gems/1.8/gems/actionpack-2.0.2/lib/action_controller/dispatcher.rb:126:in `dispatch_cgi'
    /usr/lib/ruby/gems/1.8/gems/actionpack-2.0.2/lib/action_controller/dispatcher.rb:9:in `dispatch'
    /usr/lib/ruby/gems/1.8/gems/rails-2.0.2/lib/webrick_server.rb:112:in `handle_dispatch'
    /usr/lib/ruby/gems/1.8/gems/rails-2.0.2/lib/webrick_server.rb:78:in `service'
    /usr/lib/ruby/1.8/webrick/httpserver.rb:104:in `service'
    /usr/lib/ruby/1.8/webrick/httpserver.rb:65:in `run'
    /usr/lib/ruby/1.8/webrick/server.rb:173:in `start_thread'
    /usr/lib/ruby/1.8/webrick/server.rb:162:in `start'
    /usr/lib/ruby/1.8/webrick/server.rb:162:in `start_thread'
    /usr/lib/ruby/1.8/webrick/server.rb:95:in `start'
    /usr/lib/ruby/1.8/webrick/server.rb:92:in `each'
    /usr/lib/ruby/1.8/webrick/server.rb:92:in `start'
    /usr/lib/ruby/1.8/webrick/server.rb:23:in `start'
    /usr/lib/ruby/1.8/webrick/server.rb:82:in `start'
    /usr/lib/ruby/gems/1.8/gems/rails-2.0.2/lib/webrick_server.rb:62:in `dispatch'
    /usr/lib/ruby/gems/1.8/gems/rails-2.0.2/lib/commands/servers/webrick.rb:66
    /usr/local/lib/site_ruby/1.8/rubygems/custom_require.rb:27:in `gem_original_require'
    /usr/local/lib/site_ruby/1.8/rubygems/custom_require.rb:27:in `require'
    /usr/lib/ruby/gems/1.8/gems/activesupport-2.0.2/lib/active_support/dependencies.rb:496:in `require'
    /usr/lib/ruby/gems/1.8/gems/activesupport-2.0.2/lib/active_support/dependencies.rb:342:in `new_constants_in'
    /usr/lib/ruby/gems/1.8/gems/activesupport-2.0.2/lib/active_support/dependencies.rb:496:in `require'
    /usr/lib/ruby/gems/1.8/gems/rails-2.0.2/lib/commands/server.rb:39
    /usr/local/lib/site_ruby/1.8/rubygems/custom_require.rb:27:in `gem_original_require'
    /usr/local/lib/site_ruby/1.8/rubygems/custom_require.rb:27:in `require'
    script/server:3

Rendering /usr/lib/ruby/gems/1.8/gems/actionpack-2.0.2/lib/action_controller/templates/rescues/layout.erb (not_found)


Processing ApplicationController#index (for 127.0.0.1 at 2008-04-08 14:45:40) [GET]
  Session ID: BAh7ByIKZmxhc2hJQzonQWN0aW9uQ29udHJvbGxlcjo6Rmxhc2g6OkZsYXNo%0ASGFzaHsABjoKQHVzZWR7ADoMY3NyZl9pZCIlZjkxODU3ZGJiNTY1ZjllODQ5%0AOGY4MDY1MWM0NDZiOTU%3D--f51af6b173574e4fa584c4a725b687bab949c854
  Parameters: {}


ActionController::RoutingError (No route matches "/examples/login.html" with {:method=>:get}):
    /usr/lib/ruby/gems/1.8/gems/actionpack-2.0.2/lib/action_controller/routing.rb:1441:in `recognize_path'
    /usr/lib/ruby/gems/1.8/gems/actionpack-2.0.2/lib/action_controller/routing.rb:1424:in `recognize'
    /usr/lib/ruby/gems/1.8/gems/actionpack-2.0.2/lib/action_controller/dispatcher.rb:170:in `handle_request'
    /usr/lib/ruby/gems/1.8/gems/actionpack-2.0.2/lib/action_controller/dispatcher.rb:115:in `dispatch'
    /usr/lib/ruby/gems/1.8/gems/actionpack-2.0.2/lib/action_controller/dispatcher.rb:126:in `dispatch_cgi'
    /usr/lib/ruby/gems/1.8/gems/actionpack-2.0.2/lib/action_controller/dispatcher.rb:9:in `dispatch'
    /usr/lib/ruby/gems/1.8/gems/rails-2.0.2/lib/webrick_server.rb:112:in `handle_dispatch'
    /usr/lib/ruby/gems/1.8/gems/rails-2.0.2/lib/webrick_server.rb:78:in `service'
    /usr/lib/ruby/1.8/webrick/httpserver.rb:104:in `service'
    /usr/lib/ruby/1.8/webrick/httpserver.rb:65:in `run'
    /usr/lib/ruby/1.8/webrick/server.rb:173:in `start_thread'
    /usr/lib/ruby/1.8/webrick/server.rb:162:in `start'
    /usr/lib/ruby/1.8/webrick/server.rb:162:in `start_thread'
    /usr/lib/ruby/1.8/webrick/server.rb:95:in `start'
    /usr/lib/ruby/1.8/webrick/server.rb:92:in `each'
    /usr/lib/ruby/1.8/webrick/server.rb:92:in `start'
    /usr/lib/ruby/1.8/webrick/server.rb:23:in `start'
    /usr/lib/ruby/1.8/webrick/server.rb:82:in `start'
    /usr/lib/ruby/gems/1.8/gems/rails-2.0.2/lib/webrick_server.rb:62:in `dispatch'
    /usr/lib/ruby/gems/1.8/gems/rails-2.0.2/lib/commands/servers/webrick.rb:66
    /usr/local/lib/site_ruby/1.8/rubygems/custom_require.rb:27:in `gem_original_require'
    /usr/local/lib/site_ruby/1.8/rubygems/custom_require.rb:27:in `require'
    /usr/lib/ruby/gems/1.8/gems/activesupport-2.0.2/lib/active_support/dependencies.rb:496:in `require'
    /usr/lib/ruby/gems/1.8/gems/activesupport-2.0.2/lib/active_support/dependencies.rb:342:in `new_constants_in'
    /usr/lib/ruby/gems/1.8/gems/activesupport-2.0.2/lib/active_support/dependencies.rb:496:in `require'
    /usr/lib/ruby/gems/1.8/gems/rails-2.0.2/lib/commands/server.rb:39
    /usr/local/lib/site_ruby/1.8/rubygems/custom_require.rb:27:in `gem_original_require'
    /usr/local/lib/site_ruby/1.8/rubygems/custom_require.rb:27:in `require'
    script/server:3

Rendering /usr/lib/ruby/gems/1.8/gems/actionpack-2.0.2/lib/action_controller/templates/rescues/layout.erb (not_found)


Processing WeborbController#index (for 127.0.0.1 at 2008-04-08 14:46:48) [POST]
  Session ID: BAh7ByIKZmxhc2hJQzonQWN0aW9uQ29udHJvbGxlcjo6Rmxhc2g6OkZsYXNo%0ASGFzaHsABjoKQHVzZWR7ADoMY3NyZl9pZCIlZjkxODU3ZGJiNTY1ZjllODQ5%0AOGY4MDY1MWM0NDZiOTU%3D--f51af6b173574e4fa584c4a725b687bab949c854
  Parameters: {"action"=>"index", "controller"=>"weborb"}


ActionController::InvalidAuthenticityToken (ActionController::InvalidAuthenticityToken):
    /usr/lib/ruby/gems/1.8/gems/actionpack-2.0.2/lib/action_controller/request_forgery_protection.rb:79:in `verify_authenticity_token'
    /usr/lib/ruby/gems/1.8/gems/actionpack-2.0.2/lib/action_controller/filters.rb:469:in `send!'
    /usr/lib/ruby/gems/1.8/gems/actionpack-2.0.2/lib/action_controller/filters.rb:469:in `call'
    /usr/lib/ruby/gems/1.8/gems/actionpack-2.0.2/lib/action_controller/filters.rb:441:in `run'
    /usr/lib/ruby/gems/1.8/gems/actionpack-2.0.2/lib/action_controller/filters.rb:716:in `run_before_filters'
    /usr/lib/ruby/gems/1.8/gems/actionpack-2.0.2/lib/action_controller/filters.rb:695:in `call_filters'
    /usr/lib/ruby/gems/1.8/gems/actionpack-2.0.2/lib/action_controller/filters.rb:689:in `perform_action_without_benchmark'
    /usr/lib/ruby/gems/1.8/gems/actionpack-2.0.2/lib/action_controller/benchmarking.rb:68:in `perform_action_without_rescue'
    /usr/lib/ruby/1.8/benchmark.rb:293:in `measure'
    /usr/lib/ruby/gems/1.8/gems/actionpack-2.0.2/lib/action_controller/benchmarking.rb:68:in `perform_action_without_rescue'
    /usr/lib/ruby/gems/1.8/gems/actionpack-2.0.2/lib/action_controller/rescue.rb:199:in `perform_action_without_caching'
    /usr/lib/ruby/gems/1.8/gems/actionpack-2.0.2/lib/action_controller/caching.rb:678:in `perform_action'
    /usr/lib/ruby/gems/1.8/gems/activerecord-2.0.2/lib/active_record/connection_adapters/abstract/query_cache.rb:33:in `cache'
    /usr/lib/ruby/gems/1.8/gems/activerecord-2.0.2/lib/active_record/query_cache.rb:8:in `cache'
    /usr/lib/ruby/gems/1.8/gems/actionpack-2.0.2/lib/action_controller/caching.rb:677:in `perform_action'
    /usr/lib/ruby/gems/1.8/gems/actionpack-2.0.2/lib/action_controller/base.rb:524:in `send'
    /usr/lib/ruby/gems/1.8/gems/actionpack-2.0.2/lib/action_controller/base.rb:524:in `process_without_filters'
    /usr/lib/ruby/gems/1.8/gems/actionpack-2.0.2/lib/action_controller/filters.rb:685:in `process_without_session_management_support'
    /usr/lib/ruby/gems/1.8/gems/actionpack-2.0.2/lib/action_controller/session_management.rb:123:in `process'
    /usr/lib/ruby/gems/1.8/gems/actionpack-2.0.2/lib/action_controller/base.rb:388:in `process'
    /usr/lib/ruby/gems/1.8/gems/actionpack-2.0.2/lib/action_controller/dispatcher.rb:171:in `handle_request'
    /usr/lib/ruby/gems/1.8/gems/actionpack-2.0.2/lib/action_controller/dispatcher.rb:115:in `dispatch'
    /usr/lib/ruby/gems/1.8/gems/actionpack-2.0.2/lib/action_controller/dispatcher.rb:126:in `dispatch_cgi'
    /usr/lib/ruby/gems/1.8/gems/actionpack-2.0.2/lib/action_controller/dispatcher.rb:9:in `dispatch'
    /usr/lib/ruby/gems/1.8/gems/rails-2.0.2/lib/webrick_server.rb:112:in `handle_dispatch'
    /usr/lib/ruby/gems/1.8/gems/rails-2.0.2/lib/webrick_server.rb:78:in `service'
    /usr/lib/ruby/1.8/webrick/httpserver.rb:104:in `service'
    /usr/lib/ruby/1.8/webrick/httpserver.rb:65:in `run'
    /usr/lib/ruby/1.8/webrick/server.rb:173:in `start_thread'
    /usr/lib/ruby/1.8/webrick/server.rb:162:in `start'
    /usr/lib/ruby/1.8/webrick/server.rb:162:in `start_thread'
    /usr/lib/ruby/1.8/webrick/server.rb:95:in `start'
    /usr/lib/ruby/1.8/webrick/server.rb:92:in `each'
    /usr/lib/ruby/1.8/webrick/server.rb:92:in `start'
    /usr/lib/ruby/1.8/webrick/server.rb:23:in `start'
    /usr/lib/ruby/1.8/webrick/server.rb:82:in `start'
    /usr/lib/ruby/gems/1.8/gems/rails-2.0.2/lib/webrick_server.rb:62:in `dispatch'
    /usr/lib/ruby/gems/1.8/gems/rails-2.0.2/lib/commands/servers/webrick.rb:66
    /usr/local/lib/site_ruby/1.8/rubygems/custom_require.rb:27:in `gem_original_require'
    /usr/local/lib/site_ruby/1.8/rubygems/custom_require.rb:27:in `require'
    /usr/lib/ruby/gems/1.8/gems/activesupport-2.0.2/lib/active_support/dependencies.rb:496:in `require'
    /usr/lib/ruby/gems/1.8/gems/activesupport-2.0.2/lib/active_support/dependencies.rb:342:in `new_constants_in'
    /usr/lib/ruby/gems/1.8/gems/activesupport-2.0.2/lib/active_support/dependencies.rb:496:in `require'
    /usr/lib/ruby/gems/1.8/gems/rails-2.0.2/lib/commands/server.rb:39
    /usr/local/lib/site_ruby/1.8/rubygems/custom_require.rb:27:in `gem_original_require'
    /usr/local/lib/site_ruby/1.8/rubygems/custom_require.rb:27:in `require'
    script/server:3

Rendering /usr/lib/ruby/gems/1.8/gems/actionpack-2.0.2/lib/action_controller/templates/rescues/layout.erb (unprocessable_entity)


Processing WeborbController#index (for 127.0.0.1 at 2008-04-08 14:46:51) [POST]
  Session ID: BAh7ByIKZmxhc2hJQzonQWN0aW9uQ29udHJvbGxlcjo6Rmxhc2g6OkZsYXNo%0ASGFzaHsABjoKQHVzZWR7ADoMY3NyZl9pZCIlZjkxODU3ZGJiNTY1ZjllODQ5%0AOGY4MDY1MWM0NDZiOTU%3D--f51af6b173574e4fa584c4a725b687bab949c854
  Parameters: {"action"=>"index", "controller"=>"weborb"}


ActionController::InvalidAuthenticityToken (ActionController::InvalidAuthenticityToken):
    /usr/lib/ruby/gems/1.8/gems/actionpack-2.0.2/lib/action_controller/request_forgery_protection.rb:79:in `verify_authenticity_token'
    /usr/lib/ruby/gems/1.8/gems/actionpack-2.0.2/lib/action_controller/filters.rb:469:in `send!'
    /usr/lib/ruby/gems/1.8/gems/actionpack-2.0.2/lib/action_controller/filters.rb:469:in `call'
    /usr/lib/ruby/gems/1.8/gems/actionpack-2.0.2/lib/action_controller/filters.rb:441:in `run'
    /usr/lib/ruby/gems/1.8/gems/actionpack-2.0.2/lib/action_controller/filters.rb:716:in `run_before_filters'
    /usr/lib/ruby/gems/1.8/gems/actionpack-2.0.2/lib/action_controller/filters.rb:695:in `call_filters'
    /usr/lib/ruby/gems/1.8/gems/actionpack-2.0.2/lib/action_controller/filters.rb:689:in `perform_action_without_benchmark'
    /usr/lib/ruby/gems/1.8/gems/actionpack-2.0.2/lib/action_controller/benchmarking.rb:68:in `perform_action_without_rescue'
    /usr/lib/ruby/1.8/benchmark.rb:293:in `measure'
    /usr/lib/ruby/gems/1.8/gems/actionpack-2.0.2/lib/action_controller/benchmarking.rb:68:in `perform_action_without_rescue'
    /usr/lib/ruby/gems/1.8/gems/actionpack-2.0.2/lib/action_controller/rescue.rb:199:in `perform_action_without_caching'
    /usr/lib/ruby/gems/1.8/gems/actionpack-2.0.2/lib/action_controller/caching.rb:678:in `perform_action'
    /usr/lib/ruby/gems/1.8/gems/activerecord-2.0.2/lib/active_record/connection_adapters/abstract/query_cache.rb:33:in `cache'
    /usr/lib/ruby/gems/1.8/gems/activerecord-2.0.2/lib/active_record/query_cache.rb:8:in `cache'
    /usr/lib/ruby/gems/1.8/gems/actionpack-2.0.2/lib/action_controller/caching.rb:677:in `perform_action'
    /usr/lib/ruby/gems/1.8/gems/actionpack-2.0.2/lib/action_controller/base.rb:524:in `send'
    /usr/lib/ruby/gems/1.8/gems/actionpack-2.0.2/lib/action_controller/base.rb:524:in `process_without_filters'
    /usr/lib/ruby/gems/1.8/gems/actionpack-2.0.2/lib/action_controller/filters.rb:685:in `process_without_session_management_support'
    /usr/lib/ruby/gems/1.8/gems/actionpack-2.0.2/lib/action_controller/session_management.rb:123:in `process'
    /usr/lib/ruby/gems/1.8/gems/actionpack-2.0.2/lib/action_controller/base.rb:388:in `process'
    /usr/lib/ruby/gems/1.8/gems/actionpack-2.0.2/lib/action_controller/dispatcher.rb:171:in `handle_request'
    /usr/lib/ruby/gems/1.8/gems/actionpack-2.0.2/lib/action_controller/dispatcher.rb:115:in `dispatch'
    /usr/lib/ruby/gems/1.8/gems/actionpack-2.0.2/lib/action_controller/dispatcher.rb:126:in `dispatch_cgi'
    /usr/lib/ruby/gems/1.8/gems/actionpack-2.0.2/lib/action_controller/dispatcher.rb:9:in `dispatch'
    /usr/lib/ruby/gems/1.8/gems/rails-2.0.2/lib/webrick_server.rb:112:in `handle_dispatch'
    /usr/lib/ruby/gems/1.8/gems/rails-2.0.2/lib/webrick_server.rb:78:in `service'
    /usr/lib/ruby/1.8/webrick/httpserver.rb:104:in `service'
    /usr/lib/ruby/1.8/webrick/httpserver.rb:65:in `run'
    /usr/lib/ruby/1.8/webrick/server.rb:173:in `start_thread'
    /usr/lib/ruby/1.8/webrick/server.rb:162:in `start'
    /usr/lib/ruby/1.8/webrick/server.rb:162:in `start_thread'
    /usr/lib/ruby/1.8/webrick/server.rb:95:in `start'
    /usr/lib/ruby/1.8/webrick/server.rb:92:in `each'
    /usr/lib/ruby/1.8/webrick/server.rb:92:in `start'
    /usr/lib/ruby/1.8/webrick/server.rb:23:in `start'
    /usr/lib/ruby/1.8/webrick/server.rb:82:in `start'
    /usr/lib/ruby/gems/1.8/gems/rails-2.0.2/lib/webrick_server.rb:62:in `dispatch'
    /usr/lib/ruby/gems/1.8/gems/rails-2.0.2/lib/commands/servers/webrick.rb:66
    /usr/local/lib/site_ruby/1.8/rubygems/custom_require.rb:27:in `gem_original_require'
    /usr/local/lib/site_ruby/1.8/rubygems/custom_require.rb:27:in `require'
    /usr/lib/ruby/gems/1.8/gems/activesupport-2.0.2/lib/active_support/dependencies.rb:496:in `require'
    /usr/lib/ruby/gems/1.8/gems/activesupport-2.0.2/lib/active_support/dependencies.rb:342:in `new_constants_in'
    /usr/lib/ruby/gems/1.8/gems/activesupport-2.0.2/lib/active_support/dependencies.rb:496:in `require'
    /usr/lib/ruby/gems/1.8/gems/rails-2.0.2/lib/commands/server.rb:39
    /usr/local/lib/site_ruby/1.8/rubygems/custom_require.rb:27:in `gem_original_require'
    /usr/local/lib/site_ruby/1.8/rubygems/custom_require.rb:27:in `require'
    script/server:3

Rendering /usr/lib/ruby/gems/1.8/gems/actionpack-2.0.2/lib/action_controller/templates/rescues/layout.erb (unprocessable_entity)


Processing WeborbController#index (for 127.0.0.1 at 2008-04-08 14:46:51) [POST]
  Session ID: BAh7ByIKZmxhc2hJQzonQWN0aW9uQ29udHJvbGxlcjo6Rmxhc2g6OkZsYXNo%0ASGFzaHsABjoKQHVzZWR7ADoMY3NyZl9pZCIlZjkxODU3ZGJiNTY1ZjllODQ5%0AOGY4MDY1MWM0NDZiOTU%3D--f51af6b173574e4fa584c4a725b687bab949c854
  Parameters: {"action"=>"index", "controller"=>"weborb"}


ActionController::InvalidAuthenticityToken (ActionController::InvalidAuthenticityToken):
    /usr/lib/ruby/gems/1.8/gems/actionpack-2.0.2/lib/action_controller/request_forgery_protection.rb:79:in `verify_authenticity_token'
    /usr/lib/ruby/gems/1.8/gems/actionpack-2.0.2/lib/action_controller/filters.rb:469:in `send!'
    /usr/lib/ruby/gems/1.8/gems/actionpack-2.0.2/lib/action_controller/filters.rb:469:in `call'
    /usr/lib/ruby/gems/1.8/gems/actionpack-2.0.2/lib/action_controller/filters.rb:441:in `run'
    /usr/lib/ruby/gems/1.8/gems/actionpack-2.0.2/lib/action_controller/filters.rb:716:in `run_before_filters'
    /usr/lib/ruby/gems/1.8/gems/actionpack-2.0.2/lib/action_controller/filters.rb:695:in `call_filters'
    /usr/lib/ruby/gems/1.8/gems/actionpack-2.0.2/lib/action_controller/filters.rb:689:in `perform_action_without_benchmark'
    /usr/lib/ruby/gems/1.8/gems/actionpack-2.0.2/lib/action_controller/benchmarking.rb:68:in `perform_action_without_rescue'
    /usr/lib/ruby/1.8/benchmark.rb:293:in `measure'
    /usr/lib/ruby/gems/1.8/gems/actionpack-2.0.2/lib/action_controller/benchmarking.rb:68:in `perform_action_without_rescue'
    /usr/lib/ruby/gems/1.8/gems/actionpack-2.0.2/lib/action_controller/rescue.rb:199:in `perform_action_without_caching'
    /usr/lib/ruby/gems/1.8/gems/actionpack-2.0.2/lib/action_controller/caching.rb:678:in `perform_action'
    /usr/lib/ruby/gems/1.8/gems/activerecord-2.0.2/lib/active_record/connection_adapters/abstract/query_cache.rb:33:in `cache'
    /usr/lib/ruby/gems/1.8/gems/activerecord-2.0.2/lib/active_record/query_cache.rb:8:in `cache'
    /usr/lib/ruby/gems/1.8/gems/actionpack-2.0.2/lib/action_controller/caching.rb:677:in `perform_action'
    /usr/lib/ruby/gems/1.8/gems/actionpack-2.0.2/lib/action_controller/base.rb:524:in `send'
    /usr/lib/ruby/gems/1.8/gems/actionpack-2.0.2/lib/action_controller/base.rb:524:in `process_without_filters'
    /usr/lib/ruby/gems/1.8/gems/actionpack-2.0.2/lib/action_controller/filters.rb:685:in `process_without_session_management_support'
    /usr/lib/ruby/gems/1.8/gems/actionpack-2.0.2/lib/action_controller/session_management.rb:123:in `process'
    /usr/lib/ruby/gems/1.8/gems/actionpack-2.0.2/lib/action_controller/base.rb:388:in `process'
    /usr/lib/ruby/gems/1.8/gems/actionpack-2.0.2/lib/action_controller/dispatcher.rb:171:in `handle_request'
    /usr/lib/ruby/gems/1.8/gems/actionpack-2.0.2/lib/action_controller/dispatcher.rb:115:in `dispatch'
    /usr/lib/ruby/gems/1.8/gems/actionpack-2.0.2/lib/action_controller/dispatcher.rb:126:in `dispatch_cgi'
    /usr/lib/ruby/gems/1.8/gems/actionpack-2.0.2/lib/action_controller/dispatcher.rb:9:in `dispatch'
    /usr/lib/ruby/gems/1.8/gems/rails-2.0.2/lib/webrick_server.rb:112:in `handle_dispatch'
    /usr/lib/ruby/gems/1.8/gems/rails-2.0.2/lib/webrick_server.rb:78:in `service'
    /usr/lib/ruby/1.8/webrick/httpserver.rb:104:in `service'
    /usr/lib/ruby/1.8/webrick/httpserver.rb:65:in `run'
    /usr/lib/ruby/1.8/webrick/server.rb:173:in `start_thread'
    /usr/lib/ruby/1.8/webrick/server.rb:162:in `start'
    /usr/lib/ruby/1.8/webrick/server.rb:162:in `start_thread'
    /usr/lib/ruby/1.8/webrick/server.rb:95:in `start'
    /usr/lib/ruby/1.8/webrick/server.rb:92:in `each'
    /usr/lib/ruby/1.8/webrick/server.rb:92:in `start'
    /usr/lib/ruby/1.8/webrick/server.rb:23:in `start'
    /usr/lib/ruby/1.8/webrick/server.rb:82:in `start'
    /usr/lib/ruby/gems/1.8/gems/rails-2.0.2/lib/webrick_server.rb:62:in `dispatch'
    /usr/lib/ruby/gems/1.8/gems/rails-2.0.2/lib/commands/servers/webrick.rb:66
    /usr/local/lib/site_ruby/1.8/rubygems/custom_require.rb:27:in `gem_original_require'
    /usr/local/lib/site_ruby/1.8/rubygems/custom_require.rb:27:in `require'
    /usr/lib/ruby/gems/1.8/gems/activesupport-2.0.2/lib/active_support/dependencies.rb:496:in `require'
    /usr/lib/ruby/gems/1.8/gems/activesupport-2.0.2/lib/active_support/dependencies.rb:342:in `new_constants_in'
    /usr/lib/ruby/gems/1.8/gems/activesupport-2.0.2/lib/active_support/dependencies.rb:496:in `require'
    /usr/lib/ruby/gems/1.8/gems/rails-2.0.2/lib/commands/server.rb:39
    /usr/local/lib/site_ruby/1.8/rubygems/custom_require.rb:27:in `gem_original_require'
    /usr/local/lib/site_ruby/1.8/rubygems/custom_require.rb:27:in `require'
    script/server:3

Rendering /usr/lib/ruby/gems/1.8/gems/actionpack-2.0.2/lib/action_controller/templates/rescues/layout.erb (unprocessable_entity)


Processing ApplicationController#index (for 127.0.0.1 at 2008-04-08 14:47:07) [GET]
  Session ID: BAh7ByIKZmxhc2hJQzonQWN0aW9uQ29udHJvbGxlcjo6Rmxhc2g6OkZsYXNo%0ASGFzaHsABjoKQHVzZWR7ADoMY3NyZl9pZCIlZjkxODU3ZGJiNTY1ZjllODQ5%0AOGY4MDY1MWM0NDZiOTU%3D--f51af6b173574e4fa584c4a725b687bab949c854
  Parameters: {}


ActionController::RoutingError (No route matches "/examples/history" with {:method=>:get}):
    /usr/lib/ruby/gems/1.8/gems/actionpack-2.0.2/lib/action_controller/routing.rb:1441:in `recognize_path'
    /usr/lib/ruby/gems/1.8/gems/actionpack-2.0.2/lib/action_controller/routing.rb:1424:in `recognize'
    /usr/lib/ruby/gems/1.8/gems/actionpack-2.0.2/lib/action_controller/dispatcher.rb:170:in `handle_request'
    /usr/lib/ruby/gems/1.8/gems/actionpack-2.0.2/lib/action_controller/dispatcher.rb:115:in `dispatch'
    /usr/lib/ruby/gems/1.8/gems/actionpack-2.0.2/lib/action_controller/dispatcher.rb:126:in `dispatch_cgi'
    /usr/lib/ruby/gems/1.8/gems/actionpack-2.0.2/lib/action_controller/dispatcher.rb:9:in `dispatch'
    /usr/lib/ruby/gems/1.8/gems/rails-2.0.2/lib/webrick_server.rb:112:in `handle_dispatch'
    /usr/lib/ruby/gems/1.8/gems/rails-2.0.2/lib/webrick_server.rb:78:in `service'
    /usr/lib/ruby/1.8/webrick/httpserver.rb:104:in `service'
    /usr/lib/ruby/1.8/webrick/httpserver.rb:65:in `run'
    /usr/lib/ruby/1.8/webrick/server.rb:173:in `start_thread'
    /usr/lib/ruby/1.8/webrick/server.rb:162:in `start'
    /usr/lib/ruby/1.8/webrick/server.rb:162:in `start_thread'
    /usr/lib/ruby/1.8/webrick/server.rb:95:in `start'
    /usr/lib/ruby/1.8/webrick/server.rb:92:in `each'
    /usr/lib/ruby/1.8/webrick/server.rb:92:in `start'
    /usr/lib/ruby/1.8/webrick/server.rb:23:in `start'
    /usr/lib/ruby/1.8/webrick/server.rb:82:in `start'
    /usr/lib/ruby/gems/1.8/gems/rails-2.0.2/lib/webrick_server.rb:62:in `dispatch'
    /usr/lib/ruby/gems/1.8/gems/rails-2.0.2/lib/commands/servers/webrick.rb:66
    /usr/local/lib/site_ruby/1.8/rubygems/custom_require.rb:27:in `gem_original_require'
    /usr/local/lib/site_ruby/1.8/rubygems/custom_require.rb:27:in `require'
    /usr/lib/ruby/gems/1.8/gems/activesupport-2.0.2/lib/active_support/dependencies.rb:496:in `require'
    /usr/lib/ruby/gems/1.8/gems/activesupport-2.0.2/lib/active_support/dependencies.rb:342:in `new_constants_in'
    /usr/lib/ruby/gems/1.8/gems/activesupport-2.0.2/lib/active_support/dependencies.rb:496:in `require'
    /usr/lib/ruby/gems/1.8/gems/rails-2.0.2/lib/commands/server.rb:39
    /usr/local/lib/site_ruby/1.8/rubygems/custom_require.rb:27:in `gem_original_require'
    /usr/local/lib/site_ruby/1.8/rubygems/custom_require.rb:27:in `require'
    script/server:3

Rendering /usr/lib/ruby/gems/1.8/gems/actionpack-2.0.2/lib/action_controller/templates/rescues/layout.erb (not_found)
